<?xml version="1.0" encoding="UTF-8"?>
<testsuite xmlns:xsi="http://www.w3.org/2001/XMLSchema-instance" xsi:noNamespaceSchemaLocation="https://maven.apache.org/surefire/maven-surefire-plugin/xsd/surefire-test-report-3.0.xsd" version="3.0" name="com.ecs.ArchitectureTest" time="1.631" tests="5" errors="0" skipped="0" failures="0">
  <properties>
[...]
</properties>
  <testcase name="systemsMustExtendBaseSystemOrIteratingSystem" classname="com.ecs.ArchitectureTest" time="0.078">
    <system-err><![CDATA[SLF4J: No SLF4J providers were found.
SLF4J: Defaulting to no-operation (NOP) logger implementation
SLF4J: See https://www.slf4j.org/codes.html#noProviders for further details.
]]></system-err>
  </testcase>
  <testcase name="componentsMustHavePublicFields" classname="com.ecs.ArchitectureTest" time="0.004"/>
  <testcase name="componentsMustNotHaveMethods" classname="com.ecs.ArchitectureTest" time="0.002"/>
  <testcase name="systemsMustBeAnnotatedWithSingleton" classname="com.ecs.ArchitectureTest" time="0.006"/>
  <testcase name="componentsMustResideInComponentPackage" classname="com.ecs.ArchitectureTest" time="0.002"/>
</testsuite>